[13:13:06][game_application.cpp:2067]: 
== LOCALIZATION DOCUMENTATION ==
This is a list of all hardcoded scoped localization commands in the game. It does not include scripted locs (see game/customizable_localization).
In most cases, it is also possible to get the value of variables with '[Scope.my_variable]' and saved dates with '[Scope.my_date_flag]'.
There are also several unscoped commands: GetDate, GetMidGameDate, GetLateGameDate, GetYear, LastKilledCountryName.
A single opening square bracket '[' will begin a scoped localization statement.
Two consecutive opening square brackets '[[' will escape it, making a single square bracket show up in text instead, i.e. '[[example]' in loc will display as '[example]' in-game.
Global script variables are accessible with $@VariableName$ where @VariableName is a variable defined in a file in the common/scripted_variables folder

--Base Scope--
Promotions:
 This
 Root
 From
 Prev
 this
 root
 from
 prev
 THIS
 ROOT
 FROM
 PREV
Properties
 GetYear
 LastKilledCountryName

--Country--
Promotions:
 Capital
 Ruler
 Heir
 Species
 Federation
Properties
 GetName
 GetNamePersistent
 GetAdj
 GetAdjective
 GetAdjPersistent
 GetAdjectivePersistent
 GetSpeciesName
 GetSpeciesNamePersistent
 GetSpeciesAdj
 GetSpeciesAdjPersistent
 GetSpeciesNamePlural
 GetSpeciesNamePluralPersistent
 GetSpeciesClass
 GetSpeciesClassPlural
 GetAllianceName
 GetAllianceNamePersistent
 GetRulerName
 GetRulerTitle
 GetHeirName
 GetHeirTitle
 GetPersonalityName
 GetSpeciesNameInsult
 GetSpeciesNamePluralInsult
 GetSpeciesNameCompliment
 GetSpeciesNamePluralCompliment
 GetSpeciesSpawnName
 GetSpeciesSpawnNamePlural
 GetSpeciesOrganName
 GetSpeciesOrganNamePlural
 GetSpeciesMouthName
 GetSpeciesHandName
 GetSpeciesHandNamePlural
 GetSpeciesEarName
 GetSpeciesEarNamePlural
 GetSpeciesToothName
 GetSpeciesToothNamePlural
 GetSpeciesFossilName
 GetSpeciesFossilNamePlural
 GetSpeciesRemnantName
 GetSpeciesRemnantNamePlural
 GetRandomSpeciesSound
 GetHomeWorldName
 GetHomeWorldNamePersistent
 GetLastLostRelic
 GetLastReceivedRelic
 GetGovernmentName
 GetRealName
 GetCountryType
 GetOriginName

--Planet--
Promotions:
 Owner
 System
 MoonOf
 Sector
Properties
 GetName
 GetNamePersistent
 GetAdj
 GetAdjPersistent
 GetStarName
 GetPlanetMoon
 GetPlanetMoonCap
 GetNebula
 GetOwnerName
 GetControllerName
 GetClassName
 GetClassAdj

--Ship (and Starbase)--
Promotions:
 Owner
 Fleet
Properties
 GetName
 GetNamePersistent
 GetNebula
 GetFleetName
 GetFleetNamePersistent
 GetLeaderName
 GetLeaderNamePersistent
 GetStarName
 GetStarNamePersistent
 GetShipSizeName
 GetShipSizeNamePlural
 GetDesignName
 GetDesignNamePersistent

--Pop--
Promotions:
 Planet
 Faction
 Species
Properties
 GetName
 GetSpeciesName
 GetSpeciesNamePersistent
 GetSpeciesNamePlural
 GetSpeciesAdj

--System--
Promotions:
 Owner
 Sector
Properties
 GetName
 GetNamePersistent
 GetAdj
 GetAdjPersistent
 GetNebula
 GetClassName

--Fleet--
Promotions:
 Owner
 Leader
 System
Properties
 GetName
 GetNamePersistent
 GetFleetName
 GetFleetNamePersistent
 GetLeaderName
 GetLeaderNamePersistent
 GetStarName
 GetStarNamePersistent
 GetRulerName
 GetRulerNamePersistent
 GetAdj
 GetAdjPersistent

--Leader--
Promotions:
 Owner
 Species
Properties
 GetName
 GetNamePersistent
 GetRegnalName
 GetRegnalNamePersistent
 GetPopFactionName
 GetSubjectPronoun
 GetSheHe
 GetHeShe
 GetSubjectPronounCap
 GetSheHeCap
 GetHeSheCap
 GetObjectPronoun
 GetHerHim
 GetHimHer
 GetPossPronoun
 GetHerHis
 GetHisHer
 GetPossPronounCap
 GetHerHisCap
 GetHisHerCap
 GetReflexivePronoun
 GetHerselfHimself
 GetHimselfHerself
 GetRulerTitle
 GetRulerTitlePersistent
 GetTitle
 GetRulerName
 GetRulerNamePersistent
 GetFirstName
 GetFirstNamePersistent
 GetFirstNameFull
 GetSecondName
 GetSecondNamePersistent
 GetAge

--Army--
Promotions:
 Owner
 Planet
 Leader
 Species
Properties
 GetName
 GetNamePersistent
 GetRulerName

--Ambient Object--
Promotions:
Properties
 GetName
 GetStarName
 GetNebula

--Species--
Promotions:
Properties
 GetName
 GetNamePersistent
 GetAdj
 GetAdjPersistent
 GetNamePlural
 GetNamePluralPersistent
 GetClass
 GetClassPlural
 GetNameInsult
 GetNamePluralInsult
 GetNameCompliment
 GetNamePluralCompliment
 GetSpawnName
 GetSpawnNamePlural
 GetOrganName
 GetOrganNamePlural
 GetMouthName
 GetHandName
 GetHandNamePlural
 GetEarName
 GetEarNamePlural
 GetToothName
 GetToothNamePlural
 GetFossilName
 GetFossilNamePlural
 GetRemnantName
 GetRemnantNamePlural
 GetRandomSpeciesSound

--War--
Promotions:
 MainDefender
 MainAttacker
Properties
 GetName
 GetNumPlayerFleetsGoneMIA

--Pop Faction--
Promotions:
 Owner
 Leader
Properties
 GetName
 GetNamePersistent

--Archaeological Site--
Promotions:
 Planet
 AmbientObject
 Fleet
 Ship
 GalacticObject
Properties

--Federation--
Promotions:
 Leader
Properties
 GetName

--First Contact--
Promotions:
 Leader
 Owner
 ContactCountry
 System
Properties
 GetName

--Espionage Operation--
Promotions:
 SpyNetwork
 Target
 Owner
 Leader
Properties
 GetName

--Espionage Asset--
Promotions:
Properties
 GetName

--Spy Network--
Promotions:
 Target
 Owner
 Leader
Properties

--Deposit--
Promotions:
 Planet
Properties
 GetName

--Megastructure--
Promotions:
 Owner
 System
 Planet
Properties
 GetName

--Sector--
Promotions:
 Owner
 Capital
 Leader
Properties
 GetName
 GetNamePersistent
 GetFocus
 GetType

--Agreement--
Promotions:
 Target
 Owner
Properties

--Situation--
Promotions:
 Target
 Owner
Properties
 GetName
 GetProgress

--Debris--
Promotions:
Properties
 GetDescription

=================
